[2021-01-26 15:38:16] [2021-01-26 15:38:16 PM] Episode: 1/2 Step: 131/200 - Performance:
     coinbase:/USD-BTC  coinbase:/USD:/free  coinbase:/USD:/locked  coinbase:/USD:/total  coinbase:/BTC:/free  coinbase:/BTC:/locked  coinbase:/BTC:/total  coinbase:/BTC:/worth     net_worth
0              2509.17              10000.0                   0.00              10000.00            10.000000               0.000000             10.000000          25091.700000  35091.700000
1              2488.43              10000.0               12508.21              22508.21             5.000000               0.000000              5.000000          12442.150000  34950.360000
2              2454.43               6000.0               12508.21              18508.21             5.000000               1.602617              6.602617          16205.661022  34713.871022
3              2459.35               4200.0                   0.00               4200.00            10.080890               2.333785             12.414675          30532.031232  34732.031232
4              2467.83               4200.0               19774.45              23974.45             2.016178               2.333785              4.349963          10734.968524  34709.418524
..                 ...                  ...                    ...                   ...                  ...                    ...                   ...                   ...           ...
126            2594.05                  0.0                 609.44                609.44             0.000000              13.501606             13.501606          35023.841537  35633.281537
127            2590.96                  0.0                 609.44                609.44             0.000000              13.501606             13.501606          34982.121574  35591.561574
128            2600.00                  0.0                 609.44                609.44             0.000000              13.501606             13.501606          35104.176094  35713.616094
129            2597.51                  0.0                 609.44                609.44             0.000000              13.501606             13.501606          35070.557095  35679.997095
130            2598.44                  0.0                 609.44                609.44             0.000000              13.501606             13.501606          35083.113588  35692.553588

[131 rows x 9 columns]
[2021-01-26 15:38:18] [2021-01-26 15:38:18 PM] Episode: 1/2 Step: 141/200 - Performance:
     coinbase:/USD-BTC  coinbase:/USD:/free  coinbase:/USD:/locked  coinbase:/USD:/total  coinbase:/BTC:/free  coinbase:/BTC:/locked  coinbase:/BTC:/total  coinbase:/BTC:/worth     net_worth
0              2509.17              10000.0                   0.00              10000.00            10.000000               0.000000             10.000000          25091.700000  35091.700000
1              2488.43              10000.0               12508.21              22508.21             5.000000               0.000000              5.000000          12442.150000  34950.360000
2              2454.43               6000.0               12508.21              18508.21             5.000000               1.602617              6.602617          16205.661022  34713.871022
3              2459.35               4200.0                   0.00               4200.00            10.080890               2.333785             12.414675          30532.031232  34732.031232
4              2467.83               4200.0               19774.45              23974.45             2.016178               2.333785              4.349963          10734.968524  34709.418524
..                 ...                  ...                    ...                   ...                  ...                    ...                   ...                   ...           ...
136            2597.31                  0.0                 609.44                609.44             0.000000              13.501606             13.501606          35067.856773  35677.296773
137            2594.55                  0.0                 609.44                609.44             0.000000              13.501606             13.501606          35030.592340  35640.032340
138            2595.53                  0.0                 609.44                609.44             0.000000              13.501606             13.501606          35043.823914  35653.263914
139            2576.01                  0.0                 609.44                609.44             0.000000              13.501606             13.501606          34780.272562  35389.712562
140            2575.71                  0.0                 609.44                609.44             0.000000              13.501606             13.501606          34776.222080  35385.662080

[141 rows x 9 columns]
[2021-01-26 15:38:20] [2021-01-26 15:38:20 PM] Episode: 1/2 Step: 151/200 - Performance:
     coinbase:/USD-BTC  coinbase:/USD:/free  coinbase:/USD:/locked  coinbase:/USD:/total  coinbase:/BTC:/free  coinbase:/BTC:/locked  coinbase:/BTC:/total  coinbase:/BTC:/worth     net_worth
0              2509.17             10000.00                   0.00              10000.00            10.000000               0.000000             10.000000          25091.700000  35091.700000
1              2488.43             10000.00               12508.21              22508.21             5.000000               0.000000              5.000000          12442.150000  34950.360000
2              2454.43              6000.00               12508.21              18508.21             5.000000               1.602617              6.602617          16205.661022  34713.871022
3              2459.35              4200.00                   0.00               4200.00            10.080890               2.333785             12.414675          30532.031232  34732.031232
4              2467.83              4200.00               19774.45              23974.45             2.016178               2.333785              4.349963          10734.968524  34709.418524
..                 ...                  ...                    ...                   ...                  ...                    ...                   ...                   ...           ...
146            2517.10              2480.00                 609.44               3089.44             0.000000              12.520407             12.520407          31515.115453  34604.555453
147            2514.79               254.95                 609.44                864.39             0.000000              13.401712             13.401712          33702.490189  34566.880189
148            2525.33              3427.41                 609.44               4036.85             0.000000              12.136395             12.136395          30648.402512  34685.252512
149            2518.03              3427.41                 609.44               4036.85             0.000000              12.136395             12.136395          30559.806828  34596.656828
150            2528.99              3427.41                 609.44               4036.85             0.000000              12.136395             12.136395          30692.821717  34729.671717

[151 rows x 9 columns]
[2021-01-26 15:38:22] [2021-01-26 15:38:22 PM] Episode: 1/2 Step: 161/200 - Performance:
     coinbase:/USD-BTC  coinbase:/USD:/free  coinbase:/USD:/locked  coinbase:/USD:/total  coinbase:/BTC:/free  coinbase:/BTC:/locked  coinbase:/BTC:/total  coinbase:/BTC:/worth     net_worth
0              2509.17             10000.00                   0.00              10000.00            10.000000               0.000000             10.000000          25091.700000  35091.700000
1              2488.43             10000.00               12508.21              22508.21             5.000000               0.000000              5.000000          12442.150000  34950.360000
2              2454.43              6000.00               12508.21              18508.21             5.000000               1.602617              6.602617          16205.661022  34713.871022
3              2459.35              4200.00                   0.00               4200.00            10.080890               2.333785             12.414675          30532.031232  34732.031232
4              2467.83              4200.00               19774.45              23974.45             2.016178               2.333785              4.349963          10734.968524  34709.418524
..                 ...                  ...                    ...                   ...                  ...                    ...                   ...                   ...           ...
156            2501.15              3427.41                 609.44               4036.85             0.000000              12.136395             12.136395          30354.944479  34391.794479
157            2492.78              3427.41                 609.44               4036.85             0.000000              12.136395             12.136395          30253.362853  34290.212853
158            2476.00              3427.41                 609.44               4036.85             0.000000              12.136395             12.136395          30049.714144  34086.564144
159            2483.36              3084.67                 609.44               3694.11             0.000000              12.274404             12.274404          30481.763768  34175.873768
160            2500.00              3084.67                 609.44               3694.11             0.000000              12.274404             12.274404          30686.009850  34380.119850

[161 rows x 9 columns]
[2021-01-26 15:38:24] [2021-01-26 15:38:24 PM] Episode: 1/2 Step: 171/200 - Performance:
     coinbase:/USD-BTC  coinbase:/USD:/free  coinbase:/USD:/locked  coinbase:/USD:/total  coinbase:/BTC:/free  coinbase:/BTC:/locked  coinbase:/BTC:/total  coinbase:/BTC:/worth     net_worth
0              2509.17             10000.00                   0.00              10000.00            10.000000               0.000000             10.000000          25091.700000  35091.700000
1              2488.43             10000.00               12508.21              22508.21             5.000000               0.000000              5.000000          12442.150000  34950.360000
2              2454.43              6000.00               12508.21              18508.21             5.000000               1.602617              6.602617          16205.661022  34713.871022
3              2459.35              4200.00                   0.00               4200.00            10.080890               2.333785             12.414675          30532.031232  34732.031232
4              2467.83              4200.00               19774.45              23974.45             2.016178               2.333785              4.349963          10734.968524  34709.418524
..                 ...                  ...                    ...                   ...                  ...                    ...                   ...                   ...           ...
166            2514.90               686.45                 609.44               1295.89             0.000000              13.223968             13.223968          33256.956369  34552.846369
167            2520.00               686.45                 609.44               1295.89             0.000000              13.223968             13.223968          33324.398604  34620.288604
168            2508.25               686.45                 609.44               1295.89             0.000000              13.223968             13.223968          33169.016984  34464.906984
169            2525.87               343.22                 609.44                952.66             0.000000              13.360397             13.360397          33746.627183  34699.287183
170            2525.48               343.22                 609.44                952.66             0.000000              13.360397             13.360397          33741.416628  34694.076628

[171 rows x 9 columns]
[2021-01-26 15:38:26] [2021-01-26 15:38:26 PM] Episode: 1/2 Step: 181/200 - Performance:
     coinbase:/USD-BTC  coinbase:/USD:/free  coinbase:/USD:/locked  coinbase:/USD:/total  coinbase:/BTC:/free  coinbase:/BTC:/locked  coinbase:/BTC:/total  coinbase:/BTC:/worth     net_worth
0              2509.17             10000.00                   0.00              10000.00            10.000000               0.000000             10.000000          25091.700000  35091.700000
1              2488.43             10000.00               12508.21              22508.21             5.000000               0.000000              5.000000          12442.150000  34950.360000
2              2454.43              6000.00               12508.21              18508.21             5.000000               1.602617              6.602617          16205.661022  34713.871022
3              2459.35              4200.00                   0.00               4200.00            10.080890               2.333785             12.414675          30532.031232  34732.031232
4              2467.83              4200.00               19774.45              23974.45             2.016178               2.333785              4.349963          10734.968524  34709.418524
..                 ...                  ...                    ...                   ...                  ...                    ...                   ...                   ...           ...
176            2541.86               343.22                 609.44                952.66             0.000000              13.360397             13.360397          33960.259939  34912.919939
177            2541.41               343.22                 609.44                952.66             0.000000              13.360397             13.360397          33954.247760  34906.907760
178            2541.67               343.22                 609.44                952.66             0.000000              13.360397             13.360397          33957.721463  34910.381463
179            2561.88               343.22                 609.44                952.66             0.000000              13.360397             13.360397          34227.735096  35180.395096
180            2561.11               137.29                 609.44                746.73             0.000000              13.440538             13.440538          34422.695893  35169.425893

[181 rows x 9 columns]
[2021-01-26 15:38:28] [2021-01-26 15:38:28 PM] Episode: 1/2 Step: 191/200 - Performance:
     coinbase:/USD-BTC  coinbase:/USD:/free  coinbase:/USD:/locked  coinbase:/USD:/total  coinbase:/BTC:/free  coinbase:/BTC:/locked  coinbase:/BTC:/total  coinbase:/BTC:/worth     net_worth
0              2509.17             10000.00                   0.00              10000.00            10.000000               0.000000             10.000000          25091.700000  35091.700000
1              2488.43             10000.00               12508.21              22508.21             5.000000               0.000000              5.000000          12442.150000  34950.360000
2              2454.43              6000.00               12508.21              18508.21             5.000000               1.602617              6.602617          16205.661022  34713.871022
3              2459.35              4200.00                   0.00               4200.00            10.080890               2.333785             12.414675          30532.031232  34732.031232
4              2467.83              4200.00               19774.45              23974.45             2.016178               2.333785              4.349963          10734.968524  34709.418524
..                 ...                  ...                    ...                   ...                  ...                    ...                   ...                   ...           ...
186            2559.39              2798.12                 609.44               3407.56             0.000000              12.403081             12.403081          31744.322044  35151.882044
187            2555.95              2798.12                 609.44               3407.56             0.000000              12.403081             12.403081          31701.655444  35109.215444
188            2549.65                 0.00                 609.44                609.44             0.000000              13.494546             13.494546          34406.369795  35015.809795
189            2548.63                 0.00                 609.44                609.44             0.000000              13.494546             13.494546          34392.605358  35002.045358
190            2553.98                 0.00                 609.44                609.44             0.000000              13.494546             13.494546          34464.801180  35074.241180

[191 rows x 9 columns]
[2021-01-26 15:38:30] [2021-01-26 15:38:30 PM] Episode: 1/2 Step: 201/200 - Performance:
     coinbase:/USD-BTC  coinbase:/USD:/free  coinbase:/USD:/locked  coinbase:/USD:/total  coinbase:/BTC:/free  coinbase:/BTC:/locked  coinbase:/BTC:/total  coinbase:/BTC:/worth     net_worth
0              2509.17              10000.0                   0.00              10000.00            10.000000               0.000000             10.000000          25091.700000  35091.700000
1              2488.43              10000.0               12508.21              22508.21             5.000000               0.000000              5.000000          12442.150000  34950.360000
2              2454.43               6000.0               12508.21              18508.21             5.000000               1.602617              6.602617          16205.661022  34713.871022
3              2459.35               4200.0                   0.00               4200.00            10.080890               2.333785             12.414675          30532.031232  34732.031232
4              2467.83               4200.0               19774.45              23974.45             2.016178               2.333785              4.349963          10734.968524  34709.418524
..                 ...                  ...                    ...                   ...                  ...                    ...                   ...                   ...           ...
196            2559.32                  0.0                 609.44                609.44             0.000000              13.494546             13.494546          34536.862057  35146.302057
197            2555.67                  0.0                 609.44                609.44             0.000000              13.494546             13.494546          34487.606964  35097.046964
198            2553.79                  0.0                 609.44                609.44             0.000000              13.494546             13.494546          34462.237217  35071.677217
199            2539.82                  0.0                 609.44                609.44             0.000000              13.494546             13.494546          34273.718406  34883.158406
200            2542.72                  0.0                 609.44                609.44             0.000000              13.494546             13.494546          34312.852590  34922.292590

[201 rows x 9 columns]
[2021-01-26 15:38:32] [2021-01-26 15:38:32 PM] Episode: 2/2 Step: 11/200 - Performance:
    coinbase:/USD-BTC  coinbase:/USD:/free  coinbase:/USD:/locked  coinbase:/USD:/total  coinbase:/BTC:/free  coinbase:/BTC:/locked  coinbase:/BTC:/total  coinbase:/BTC:/worth     net_worth
0             2509.17              10000.0                   0.00              10000.00            10.000000               0.000000             10.000000          25091.700000  35091.700000
1             2488.43              10000.0               12508.21              22508.21             5.000000               0.000000              5.000000          12442.150000  34950.360000
2             2454.43              10000.0               18710.62              28710.62             2.500000               0.000000              2.500000           6136.075000  34846.695000
3             2459.35              10000.0                6814.18              16814.18             7.330890               0.000000              7.330890          18029.225477  34843.405477
4             2467.83              10000.0               15801.75              25801.75             3.665445               0.000000              3.665445           9045.695727  34847.445727
5             2460.01              10000.0               22114.74              32114.74             1.099634               0.000000              1.099634           2705.109579  34819.849579
6             2445.99               7000.0               22114.74              29114.74             1.099634               1.215849              2.315482           5663.646527  34778.386527
7             2425.94               7000.0               23455.55              30455.55             0.549817               1.215849              1.765666           4283.398587  34738.948587
8             2435.99               7000.0               17918.05              24918.05             2.823941               1.215849              4.039790           9840.887190  34758.937190
9             2408.25               7000.0               21347.28              28347.28             1.411970               1.215849              2.627819           6328.445540  34675.725540
10            2416.62               7000.0               14054.80              21054.80             4.426782               1.215849              5.642631          13636.095435  34690.895435
[2021-01-26 15:38:34] [2021-01-26 15:38:34 PM] Episode: 2/2 Step: 21/200 - Performance:
    coinbase:/USD-BTC  coinbase:/USD:/free  coinbase:/USD:/locked  coinbase:/USD:/total  coinbase:/BTC:/free  coinbase:/BTC:/locked  coinbase:/BTC:/total  coinbase:/BTC:/worth     net_worth
0             2509.17              10000.0                   0.00              10000.00            10.000000               0.000000             10.000000          25091.700000  35091.700000
1             2488.43              10000.0               12508.21              22508.21             5.000000               0.000000              5.000000          12442.150000  34950.360000
2             2454.43              10000.0               18710.62              28710.62             2.500000               0.000000              2.500000           6136.075000  34846.695000
3             2459.35              10000.0                6814.18              16814.18             7.330890               0.000000              7.330890          18029.225477  34843.405477
4             2467.83              10000.0               15801.75              25801.75             3.665445               0.000000              3.665445           9045.695727  34847.445727
5             2460.01              10000.0               22114.74              32114.74             1.099634               0.000000              1.099634           2705.109579  34819.849579
6             2445.99               7000.0               22114.74              29114.74             1.099634               1.215849              2.315482           5663.646527  34778.386527
7             2425.94               7000.0               23455.55              30455.55             0.549817               1.215849              1.765666           4283.398587  34738.948587
8             2435.99               7000.0               17918.05              24918.05             2.823941               1.215849              4.039790           9840.887190  34758.937190
9             2408.25               7000.0               21347.28              28347.28             1.411970               1.215849              2.627819           6328.445540  34675.725540
10            2416.62               7000.0               14054.80              21054.80             4.426782               1.215849              5.642631          13636.095435  34690.895435
11            2424.99               4900.0               14054.80              18954.80             4.426782               2.082224              6.509007          15784.275818  34739.075818
12            2423.63               2450.0               14054.80              16504.80             4.426782               3.089507              7.516289          18216.703654  34721.503654
13            2391.87               2450.0               19403.15              21853.15             2.213391               3.089507              5.302898          12683.842209  34536.992209
14            2409.90               2450.0               20701.47              23151.47             1.665585               3.089507              4.755091          11459.294452  34610.764452
15            2407.81               2450.0               21101.66              23551.66             1.499026               3.089507              4.588533          11048.315161  34599.975161
16            2404.99               2450.0               22900.93              25350.93             0.749513               3.089507              3.839020           9232.803964  34583.733964
17            2412.00               2450.0               23799.51              26249.51             0.374757               3.089507              3.464263           8355.802670  34605.312670
18            2439.97               2450.0               24250.11              26700.11             0.187378               3.089507              3.276885           7995.500727  34695.610727
19            2421.55               2450.0               21890.92              24340.92             0.093689               4.146626              4.240315          10268.135418  34609.055418
20            2431.95               2450.0               22004.02              24454.02             0.046845               4.146626              4.193471          10198.311045  34652.331045
[2021-01-26 15:38:36] [2021-01-26 15:38:36 PM] Episode: 2/2 Step: 31/200 - Performance:
    coinbase:/USD-BTC  coinbase:/USD:/free  coinbase:/USD:/locked  coinbase:/USD:/total  coinbase:/BTC:/free  coinbase:/BTC:/locked  coinbase:/BTC:/total  coinbase:/BTC:/worth     net_worth
0             2509.17             10000.00                   0.00              10000.00            10.000000               0.000000             10.000000          25091.700000  35091.700000
1             2488.43             10000.00               12508.21              22508.21             5.000000               0.000000              5.000000          12442.150000  34950.360000
2             2454.43             10000.00               18710.62              28710.62             2.500000               0.000000              2.500000           6136.075000  34846.695000
3             2459.35             10000.00                6814.18              16814.18             7.330890               0.000000              7.330890          18029.225477  34843.405477
4             2467.83             10000.00               15801.75              25801.75             3.665445               0.000000              3.665445           9045.695727  34847.445727
5             2460.01             10000.00               22114.74              32114.74             1.099634               0.000000              1.099634           2705.109579  34819.849579
6             2445.99              7000.00               22114.74              29114.74             1.099634               1.215849              2.315482           5663.646527  34778.386527
7             2425.94              7000.00               23455.55              30455.55             0.549817               1.215849              1.765666           4283.398587  34738.948587
8             2435.99              7000.00               17918.05              24918.05             2.823941               1.215849              4.039790           9840.887190  34758.937190
9             2408.25              7000.00               21347.28              28347.28             1.411970               1.215849              2.627819           6328.445540  34675.725540
10            2416.62              7000.00               14054.80              21054.80             4.426782               1.215849              5.642631          13636.095435  34690.895435
11            2424.99              4900.00               14054.80              18954.80             4.426782               2.082224              6.509007          15784.275818  34739.075818
12            2423.63              2450.00               14054.80              16504.80             4.426782               3.089507              7.516289          18216.703654  34721.503654
13            2391.87              2450.00               19403.15              21853.15             2.213391               3.089507              5.302898          12683.842209  34536.992209
14            2409.90              2450.00               20701.47              23151.47             1.665585               3.089507              4.755091          11459.294452  34610.764452
15            2407.81              2450.00               21101.66              23551.66             1.499026               3.089507              4.588533          11048.315161  34599.975161
16            2404.99              2450.00               22900.93              25350.93             0.749513               3.089507              3.839020           9232.803964  34583.733964
17            2412.00              2450.00               23799.51              26249.51             0.374757               3.089507              3.464263           8355.802670  34605.312670
18            2439.97              2450.00               24250.11              26700.11             0.187378               3.089507              3.276885           7995.500727  34695.610727
19            2421.55              2450.00               21890.92              24340.92             0.093689               4.146626              4.240315          10268.135418  34609.055418
20            2431.95              2450.00               22004.02              24454.02             0.046845               4.146626              4.193471          10198.311045  34652.331045
21            2461.99              2450.00               22117.60              24567.60             0.000000               4.146626              4.146626          10208.952041  34776.552041
22            2457.54              2205.00               18258.38              20463.38             0.000000               5.808660              5.808660          14275.013510  34738.393510
23            2436.07              4327.76               17379.01              21706.77             0.000000               5.299035              5.299035          12908.821143  34615.591143
24            2449.60              4327.76               17379.01              21706.77             0.000000               5.299035              5.299035          12980.517091  34687.287091
25            2440.87              4327.76               17379.01              21706.77             0.000000               5.299035              5.299035          12934.256512  34641.026512
26            2435.62              4327.76               17379.01              21706.77             0.000000               5.299035              5.299035          12906.436577  34613.206577
27            2442.99              4327.76               17379.01              21706.77             0.000000               5.299035              5.299035          12945.490467  34652.260467
28            2463.86              4327.76               17379.01              21706.77             0.000000               5.299035              5.299035          13056.081336  34762.851336
29            2476.41              4327.76               17379.01              21706.77             0.000000               5.299035              5.299035          13122.584230  34829.354230
30            2496.37              6814.72               17268.42              24083.14             0.000000               4.336277              4.336277          10824.951864  34908.091864
[2021-01-26 15:38:38] [2021-01-26 15:38:38 PM] Episode: 2/2 Step: 41/200 - Performance:
    coinbase:/USD-BTC  coinbase:/USD:/free  coinbase:/USD:/locked  coinbase:/USD:/total  coinbase:/BTC:/free  coinbase:/BTC:/locked  coinbase:/BTC:/total  coinbase:/BTC:/worth     net_worth
0             2509.17             10000.00                   0.00              10000.00            10.000000               0.000000             10.000000          25091.700000  35091.700000
1             2488.43             10000.00               12508.21              22508.21             5.000000               0.000000              5.000000          12442.150000  34950.360000
2             2454.43             10000.00               18710.62              28710.62             2.500000               0.000000              2.500000           6136.075000  34846.695000
3             2459.35             10000.00                6814.18              16814.18             7.330890               0.000000              7.330890          18029.225477  34843.405477
4             2467.83             10000.00               15801.75              25801.75             3.665445               0.000000              3.665445           9045.695727  34847.445727
5             2460.01             10000.00               22114.74              32114.74             1.099634               0.000000              1.099634           2705.109579  34819.849579
6             2445.99              7000.00               22114.74              29114.74             1.099634               1.215849              2.315482           5663.646527  34778.386527
7             2425.94              7000.00               23455.55              30455.55             0.549817               1.215849              1.765666           4283.398587  34738.948587
8             2435.99              7000.00               17918.05              24918.05             2.823941               1.215849              4.039790           9840.887190  34758.937190
9             2408.25              7000.00               21347.28              28347.28             1.411970               1.215849              2.627819           6328.445540  34675.725540
10            2416.62              7000.00               14054.80              21054.80             4.426782               1.215849              5.642631          13636.095435  34690.895435
11            2424.99              4900.00               14054.80              18954.80             4.426782               2.082224              6.509007          15784.275818  34739.075818
12            2423.63              2450.00               14054.80              16504.80             4.426782               3.089507              7.516289          18216.703654  34721.503654
13            2391.87              2450.00               19403.15              21853.15             2.213391               3.089507              5.302898          12683.842209  34536.992209
14            2409.90              2450.00               20701.47              23151.47             1.665585               3.089507              4.755091          11459.294452  34610.764452
15            2407.81              2450.00               21101.66              23551.66             1.499026               3.089507              4.588533          11048.315161  34599.975161
16            2404.99              2450.00               22900.93              25350.93             0.749513               3.089507              3.839020           9232.803964  34583.733964
17            2412.00              2450.00               23799.51              26249.51             0.374757               3.089507              3.464263           8355.802670  34605.312670
18            2439.97              2450.00               24250.11              26700.11             0.187378               3.089507              3.276885           7995.500727  34695.610727
19            2421.55              2450.00               21890.92              24340.92             0.093689               4.146626              4.240315          10268.135418  34609.055418
20            2431.95              2450.00               22004.02              24454.02             0.046845               4.146626              4.193471          10198.311045  34652.331045
21            2461.99              2450.00               22117.60              24567.60             0.000000               4.146626              4.146626          10208.952041  34776.552041
22            2457.54              2205.00               18258.38              20463.38             0.000000               5.808660              5.808660          14275.013510  34738.393510
23            2436.07              4327.76               17379.01              21706.77             0.000000               5.299035              5.299035          12908.821143  34615.591143
24            2449.60              4327.76               17379.01              21706.77             0.000000               5.299035              5.299035          12980.517091  34687.287091
25            2440.87              4327.76               17379.01              21706.77             0.000000               5.299035              5.299035          12934.256512  34641.026512
26            2435.62              4327.76               17379.01              21706.77             0.000000               5.299035              5.299035          12906.436577  34613.206577
27            2442.99              4327.76               17379.01              21706.77             0.000000               5.299035              5.299035          12945.490467  34652.260467
28            2463.86              4327.76               17379.01              21706.77             0.000000               5.299035              5.299035          13056.081336  34762.851336
29            2476.41              4327.76               17379.01              21706.77             0.000000               5.299035              5.299035          13122.584230  34829.354230
30            2496.37              6814.72               17268.42              24083.14             0.000000               4.336277              4.336277          10824.951864  34908.091864
31            2490.08              6814.72               12823.66              19638.38             0.000000               6.111427              6.111427          15217.940999  34856.320999
32            2492.61              6814.72                7618.03              14432.75             0.000000               8.195701              8.195701          20428.686120  34861.436120
33            2504.09              6814.72                1144.70               7959.42             0.000000              10.784919             10.784919          27006.406992  34965.826992
34            2525.00              6814.72                 500.54               7315.26             0.000000              11.041391             11.041391          27879.512477  35194.772477
35            2517.01              7064.48                 500.54               7565.02             0.000000              10.942179             10.942179          27541.573084  35106.593084
36            2516.66              7064.48                 500.54               7565.02             0.000000              10.942179             10.942179          27537.743321  35102.763321
37            2500.97              7064.48                 500.54               7565.02             0.000000              10.942179             10.942179          27366.060538  34931.080538
38            2500.00              7064.48                 500.54               7565.02             0.000000              10.942179             10.942179          27355.446625  34920.466625
39            2491.40              7064.48                 500.54               7565.02             0.000000              10.942179             10.942179          27261.343889  34826.363889
40            2490.83              7064.48                 500.54               7565.02             0.000000              10.942179             10.942179          27255.106847  34820.126847
[2021-01-26 15:38:40] [2021-01-26 15:38:40 PM] Episode: 2/2 Step: 51/200 - Performance:
    coinbase:/USD-BTC  coinbase:/USD:/free  coinbase:/USD:/locked  coinbase:/USD:/total  coinbase:/BTC:/free  coinbase:/BTC:/locked  coinbase:/BTC:/total  coinbase:/BTC:/worth     net_worth
0             2509.17             10000.00                   0.00              10000.00            10.000000               0.000000             10.000000          25091.700000  35091.700000
1             2488.43             10000.00               12508.21              22508.21             5.000000               0.000000              5.000000          12442.150000  34950.360000
2             2454.43             10000.00               18710.62              28710.62             2.500000               0.000000              2.500000           6136.075000  34846.695000
3             2459.35             10000.00                6814.18              16814.18             7.330890               0.000000              7.330890          18029.225477  34843.405477
4             2467.83             10000.00               15801.75              25801.75             3.665445               0.000000              3.665445           9045.695727  34847.445727
5             2460.01             10000.00               22114.74              32114.74             1.099634               0.000000              1.099634           2705.109579  34819.849579
6             2445.99              7000.00               22114.74              29114.74             1.099634               1.215849              2.315482           5663.646527  34778.386527
7             2425.94              7000.00               23455.55              30455.55             0.549817               1.215849              1.765666           4283.398587  34738.948587
8             2435.99              7000.00               17918.05              24918.05             2.823941               1.215849              4.039790           9840.887190  34758.937190
9             2408.25              7000.00               21347.28              28347.28             1.411970               1.215849              2.627819           6328.445540  34675.725540
10            2416.62              7000.00               14054.80              21054.80             4.426782               1.215849              5.642631          13636.095435  34690.895435
11            2424.99              4900.00               14054.80              18954.80             4.426782               2.082224              6.509007          15784.275818  34739.075818
12            2423.63              2450.00               14054.80              16504.80             4.426782               3.089507              7.516289          18216.703654  34721.503654
13            2391.87              2450.00               19403.15              21853.15             2.213391               3.089507              5.302898          12683.842209  34536.992209
14            2409.90              2450.00               20701.47              23151.47             1.665585               3.089507              4.755091          11459.294452  34610.764452
15            2407.81              2450.00               21101.66              23551.66             1.499026               3.089507              4.588533          11048.315161  34599.975161
16            2404.99              2450.00               22900.93              25350.93             0.749513               3.089507              3.839020           9232.803964  34583.733964
17            2412.00              2450.00               23799.51              26249.51             0.374757               3.089507              3.464263           8355.802670  34605.312670
18            2439.97              2450.00               24250.11              26700.11             0.187378               3.089507              3.276885           7995.500727  34695.610727
19            2421.55              2450.00               21890.92              24340.92             0.093689               4.146626              4.240315          10268.135418  34609.055418
20            2431.95              2450.00               22004.02              24454.02             0.046845               4.146626              4.193471          10198.311045  34652.331045
21            2461.99              2450.00               22117.60              24567.60             0.000000               4.146626              4.146626          10208.952041  34776.552041
22            2457.54              2205.00               18258.38              20463.38             0.000000               5.808660              5.808660          14275.013510  34738.393510
23            2436.07              4327.76               17379.01              21706.77             0.000000               5.299035              5.299035          12908.821143  34615.591143
24            2449.60              4327.76               17379.01              21706.77             0.000000               5.299035              5.299035          12980.517091  34687.287091
25            2440.87              4327.76               17379.01              21706.77             0.000000               5.299035              5.299035          12934.256512  34641.026512
26            2435.62              4327.76               17379.01              21706.77             0.000000               5.299035              5.299035          12906.436577  34613.206577
27            2442.99              4327.76               17379.01              21706.77             0.000000               5.299035              5.299035          12945.490467  34652.260467
28            2463.86              4327.76               17379.01              21706.77             0.000000               5.299035              5.299035          13056.081336  34762.851336
29            2476.41              4327.76               17379.01              21706.77             0.000000               5.299035              5.299035          13122.584230  34829.354230
30            2496.37              6814.72               17268.42              24083.14             0.000000               4.336277              4.336277          10824.951864  34908.091864
31            2490.08              6814.72               12823.66              19638.38             0.000000               6.111427              6.111427          15217.940999  34856.320999
32            2492.61              6814.72                7618.03              14432.75             0.000000               8.195701              8.195701          20428.686120  34861.436120
33            2504.09              6814.72                1144.70               7959.42             0.000000              10.784919             10.784919          27006.406992  34965.826992
34            2525.00              6814.72                 500.54               7315.26             0.000000              11.041391             11.041391          27879.512477  35194.772477
35            2517.01              7064.48                 500.54               7565.02             0.000000              10.942179             10.942179          27541.573084  35106.593084
36            2516.66              7064.48                 500.54               7565.02             0.000000              10.942179             10.942179          27537.743321  35102.763321
37            2500.97              7064.48                 500.54               7565.02             0.000000              10.942179             10.942179          27366.060538  34931.080538
38            2500.00              7064.48                 500.54               7565.02             0.000000              10.942179             10.942179          27355.446625  34920.466625
39            2491.40              7064.48                 500.54               7565.02             0.000000              10.942179             10.942179          27261.343889  34826.363889
40            2490.83              7064.48                 500.54               7565.02             0.000000              10.942179             10.942179          27255.106847  34820.126847
41            2498.92              7064.48                 500.54               7565.02             0.000000              10.942179             10.942179          27343.629072  34908.649072
42            2497.61              7064.48                 500.54               7565.02             0.000000              10.942179             10.942179          27329.294818  34894.314818
43            2499.98              7064.48                 500.54               7565.02             0.000000              10.942179             10.942179          27355.227781  34920.247781
44            2481.72              7064.48                 500.54               7565.02             0.000000              10.942179             10.942179          27155.423599  34720.443599
45            2483.72              7064.48                 500.54               7565.02             0.000000              10.942179             10.942179          27177.307957  34742.327957
46            2489.09              7064.48                 500.54               7565.02             0.000000              10.942179             10.942179          27236.067456  34801.087456
47            2482.09              7064.48                 500.54               7565.02             0.000000              10.942179             10.942179          27159.472205  34724.492205
48            2502.30              7064.48                 500.54               7565.02             0.000000              10.942179             10.942179          27380.613636  34945.633636
49            2519.38              7064.48                 500.54               7565.02             0.000000              10.942179             10.942179          27567.506047  35132.526047
50            2560.00              7064.48                 500.54               7565.02             0.000000              10.942179             10.942179          28011.977344  35576.997344
[2021-01-26 15:38:42] [2021-01-26 15:38:42 PM] Episode: 2/2 Step: 61/200 - Performance:
    coinbase:/USD-BTC  coinbase:/USD:/free  coinbase:/USD:/locked  coinbase:/USD:/total  coinbase:/BTC:/free  coinbase:/BTC:/locked  coinbase:/BTC:/total  coinbase:/BTC:/worth     net_worth
0             2509.17             10000.00                   0.00              10000.00            10.000000               0.000000             10.000000          25091.700000  35091.700000
1             2488.43             10000.00               12508.21              22508.21             5.000000               0.000000              5.000000          12442.150000  34950.360000
2             2454.43             10000.00               18710.62              28710.62             2.500000               0.000000              2.500000           6136.075000  34846.695000
3             2459.35             10000.00                6814.18              16814.18             7.330890               0.000000              7.330890          18029.225477  34843.405477
4             2467.83             10000.00               15801.75              25801.75             3.665445               0.000000              3.665445           9045.695727  34847.445727
..                ...                  ...                    ...                   ...                  ...                    ...                   ...                   ...           ...
56            2547.43             10167.71                 500.54              10668.25             0.000000               9.726330              9.726330          24777.144654  35445.394654
57            2556.02             10167.71                 500.54              10668.25             0.000000               9.726330              9.726330          24860.693828  35528.943828
58            2559.98             10167.71                 500.54              10668.25             0.000000               9.726330              9.726330          24899.210094  35567.460094
59            2554.40              5083.86                 500.54               5584.40             0.000000              11.706267             11.706267          29902.489114  35486.889114
60            2542.41              5083.86                 500.54               5584.40             0.000000              11.706267             11.706267          29762.130970  35346.530970

[61 rows x 9 columns]
[2021-01-26 15:38:44] [2021-01-26 15:38:44 PM] Episode: 2/2 Step: 71/200 - Performance:
    coinbase:/USD-BTC  coinbase:/USD:/free  coinbase:/USD:/locked  coinbase:/USD:/total  coinbase:/BTC:/free  coinbase:/BTC:/locked  coinbase:/BTC:/total  coinbase:/BTC:/worth     net_worth
0             2509.17             10000.00                   0.00              10000.00            10.000000                0.00000             10.000000          25091.700000  35091.700000
1             2488.43             10000.00               12508.21              22508.21             5.000000                0.00000              5.000000          12442.150000  34950.360000
2             2454.43             10000.00               18710.62              28710.62             2.500000                0.00000              2.500000           6136.075000  34846.695000
3             2459.35             10000.00                6814.18              16814.18             7.330890                0.00000              7.330890          18029.225477  34843.405477
4             2467.83             10000.00               15801.75              25801.75             3.665445                0.00000              3.665445           9045.695727  34847.445727
..                ...                  ...                    ...                   ...                  ...                    ...                   ...                   ...           ...
66            2621.00             10230.27                 500.54              10730.81             0.000000                9.72633              9.726330          25492.710747  36223.520747
67            2625.90             10230.27                 500.54              10730.81             0.000000                9.72633              9.726330          25540.369763  36271.179763
68            2630.93             10230.27                 500.54              10730.81             0.000000                9.72633              9.726330          25589.293203  36320.103203
69            2594.49             10230.27                 500.54              10730.81             0.000000                9.72633              9.726330          25234.865740  35965.675740
70            2605.10             10230.27                 500.54              10730.81             0.000000                9.72633              9.726330          25338.062101  36068.872101

[71 rows x 9 columns]
[2021-01-26 15:38:46] [2021-01-26 15:38:46 PM] Episode: 2/2 Step: 81/200 - Performance:
    coinbase:/USD-BTC  coinbase:/USD:/free  coinbase:/USD:/locked  coinbase:/USD:/total  coinbase:/BTC:/free  coinbase:/BTC:/locked  coinbase:/BTC:/total  coinbase:/BTC:/worth     net_worth
0             2509.17             10000.00                   0.00              10000.00            10.000000               0.000000             10.000000          25091.700000  35091.700000
1             2488.43             10000.00               12508.21              22508.21             5.000000               0.000000              5.000000          12442.150000  34950.360000
2             2454.43             10000.00               18710.62              28710.62             2.500000               0.000000              2.500000           6136.075000  34846.695000
3             2459.35             10000.00                6814.18              16814.18             7.330890               0.000000              7.330890          18029.225477  34843.405477
4             2467.83             10000.00               15801.75              25801.75             3.665445               0.000000              3.665445           9045.695727  34847.445727
..                ...                  ...                    ...                   ...                  ...                    ...                   ...                   ...           ...
76            2587.00             10230.27                 500.54              10730.81             0.000000               9.726330              9.726330          25162.015529  35892.825529
77            2570.25             10230.27                 500.54              10730.81             0.000000               9.726330              9.726330          24999.099503  35729.909503
78            2594.00             10230.27                 500.54              10730.81             0.000000               9.726330              9.726330          25230.099838  35960.909838
79            2586.71              5115.13                 500.54               5615.67             0.000000              11.692325             11.692325          30244.652785  35860.322785
80            2566.51              5115.13                 500.54               5615.67             0.000000              11.692325             11.692325          30008.467829  35624.137829

[81 rows x 9 columns]
[2021-01-26 15:38:48] [2021-01-26 15:38:48 PM] Episode: 2/2 Step: 91/200 - Performance:
    coinbase:/USD-BTC  coinbase:/USD:/free  coinbase:/USD:/locked  coinbase:/USD:/total  coinbase:/BTC:/free  coinbase:/BTC:/locked  coinbase:/BTC:/total  coinbase:/BTC:/worth     net_worth
0             2509.17             10000.00                   0.00              10000.00            10.000000               0.000000             10.000000          25091.700000  35091.700000
1             2488.43             10000.00               12508.21              22508.21             5.000000               0.000000              5.000000          12442.150000  34950.360000
2             2454.43             10000.00               18710.62              28710.62             2.500000               0.000000              2.500000           6136.075000  34846.695000
3             2459.35             10000.00                6814.18              16814.18             7.330890               0.000000              7.330890          18029.225477  34843.405477
4             2467.83             10000.00               15801.75              25801.75             3.665445               0.000000              3.665445           9045.695727  34847.445727
..                ...                  ...                    ...                   ...                  ...                    ...                   ...                   ...           ...
86            2584.27              3069.08                 500.54               3569.62             0.000000              12.483303             12.483303          32260.225702  35829.845702
87            2580.85              3069.08                 500.54               3569.62             0.000000              12.483303             12.483303          32217.532806  35787.152806
88            2576.12              3069.08                 500.54               3569.62             0.000000              12.483303             12.483303          32158.486782  35728.106782
89            2572.85              3069.08                 500.54               3569.62             0.000000              12.483303             12.483303          32117.666381  35687.286381
90            2571.76              3069.08                 500.54               3569.62             0.000000              12.483303             12.483303          32104.059580  35673.679580

[91 rows x 9 columns]
[2021-01-26 15:38:50] [2021-01-26 15:38:50 PM] Episode: 2/2 Step: 101/200 - Performance:
     coinbase:/USD-BTC  coinbase:/USD:/free  coinbase:/USD:/locked  coinbase:/USD:/total  coinbase:/BTC:/free  coinbase:/BTC:/locked  coinbase:/BTC:/total  coinbase:/BTC:/worth     net_worth
0              2509.17             10000.00                   0.00              10000.00            10.000000               0.000000             10.000000          25091.700000  35091.700000
1              2488.43             10000.00               12508.21              22508.21             5.000000               0.000000              5.000000          12442.150000  34950.360000
2              2454.43             10000.00               18710.62              28710.62             2.500000               0.000000              2.500000           6136.075000  34846.695000
3              2459.35             10000.00                6814.18              16814.18             7.330890               0.000000              7.330890          18029.225477  34843.405477
4              2467.83             10000.00               15801.75              25801.75             3.665445               0.000000              3.665445           9045.695727  34847.445727
..                 ...                  ...                    ...                   ...                  ...                    ...                   ...                   ...           ...
96             2572.06              3069.08                 500.54               3569.62             0.000000              12.483303             12.483303          32107.804571  35677.424571
97             2555.72              3069.08                 500.54               3569.62             0.000000              12.483303             12.483303          31903.827399  35473.447399
98             2575.72              3069.08                 500.54               3569.62             0.000000              12.483303             12.483303          32153.493461  35723.113461
99             2567.01               920.72                 500.54               1421.26             0.000000              13.314880             13.314880          34179.430853  35600.690853
100            2573.91               920.72                 500.54               1421.26             0.000000              13.314880             13.314880          34271.303527  35692.563527

[101 rows x 9 columns]
[2021-01-26 15:38:52] [2021-01-26 15:38:52 PM] Episode: 2/2 Step: 111/200 - Performance:
     coinbase:/USD-BTC  coinbase:/USD:/free  ...  coinbase:/BTC:/worth     net_worth
0              2509.17             10000.00  ...          25091.700000  35091.700000
1              2488.43             10000.00  ...          12442.150000  34950.360000
2              2454.43             10000.00  ...           6136.075000  34846.695000
3              2459.35             10000.00  ...          18029.225477  34843.405477
4              2467.83             10000.00  ...           9045.695727  34847.445727
..                 ...                  ...  ...                   ...           ...
106            2615.15              1726.78  ...          34007.350713  36234.670713
107            2611.64              1726.78  ...          33961.706753  36189.026753
108            2616.96              1726.78  ...          34030.887912  36258.207912
109            2615.85              1726.78  ...          34016.453497  36243.773497
110            2603.01              1726.78  ...          33849.482431  36076.802431

[111 rows x 9 columns]
[2021-01-26 15:38:54] [2021-01-26 15:38:54 PM] Episode: 2/2 Step: 121/200 - Performance:
     coinbase:/USD-BTC  coinbase:/USD:/free  ...  coinbase:/BTC:/worth     net_worth
0              2509.17             10000.00  ...          25091.700000  35091.700000
1              2488.43             10000.00  ...          12442.150000  34950.360000
2              2454.43             10000.00  ...           6136.075000  34846.695000
3              2459.35             10000.00  ...          18029.225477  34843.405477
4              2467.83             10000.00  ...           9045.695727  34847.445727
..                 ...                  ...  ...                   ...           ...
116            2608.09               345.36  ...          35291.814749  36137.714749
117            2612.34               345.36  ...          35349.324349  36195.224349
118            2585.05               345.36  ...          34980.045059  35825.945059
119            2598.16               345.36  ...          35157.445260  36003.345260
120            2602.98               345.36  ...          35222.667912  36068.567912

[121 rows x 9 columns]
[2021-01-26 15:38:56] [2021-01-26 15:38:56 PM] Episode: 2/2 Step: 131/200 - Performance:
     coinbase:/USD-BTC  coinbase:/USD:/free  ...  coinbase:/BTC:/worth     net_worth
0              2509.17             10000.00  ...          25091.700000  35091.700000
1              2488.43             10000.00  ...          12442.150000  34950.360000
2              2454.43             10000.00  ...           6136.075000  34846.695000
3              2459.35             10000.00  ...          18029.225477  34843.405477
4              2467.83             10000.00  ...           9045.695727  34847.445727
..                 ...                  ...  ...                   ...           ...
126            2594.05               241.75  ...          35205.227760  35947.517760
127            2590.96               241.75  ...          35163.291732  35905.581732
128            2600.00               241.75  ...          35285.978364  36028.268364
129            2597.51               169.23  ...          35324.416007  35994.186007
130            2598.44               169.23  ...          35337.063391  36006.833391

[131 rows x 9 columns]
[2021-01-26 15:38:58] [2021-01-26 15:38:58 PM] Episode: 2/2 Step: 141/200 - Performance:
     coinbase:/USD-BTC  coinbase:/USD:/free  ...  coinbase:/BTC:/worth     net_worth
0              2509.17             10000.00  ...          25091.700000  35091.700000
1              2488.43             10000.00  ...          12442.150000  34950.360000
2              2454.43             10000.00  ...           6136.075000  34846.695000
3              2459.35             10000.00  ...          18029.225477  34843.405477
4              2467.83             10000.00  ...           9045.695727  34847.445727
..                 ...                  ...  ...                   ...           ...
136            2597.31                11.85  ...          35478.276869  35990.666869
137            2594.55                 7.11  ...          35445.301269  35952.951269
138            2595.53                 7.11  ...          35458.689484  35966.339484
139            2576.01                 7.11  ...          35192.018084  35699.668084
140            2575.71                 7.11  ...          35187.919651  35695.569651

[141 rows x 9 columns]
[2021-01-26 15:39:00] [2021-01-26 15:39:00 PM] Episode: 2/2 Step: 151/200 - Performance:
     coinbase:/USD-BTC  coinbase:/USD:/free  ...  coinbase:/BTC:/worth     net_worth
0              2509.17             10000.00  ...          25091.700000  35091.700000
1              2488.43             10000.00  ...          12442.150000  34950.360000
2              2454.43             10000.00  ...           6136.075000  34846.695000
3              2459.35             10000.00  ...          18029.225477  34843.405477
4              2467.83             10000.00  ...           9045.695727  34847.445727
..                 ...                  ...  ...                   ...           ...
146            2517.10               157.10  ...          34237.856482  34895.496482
147            2514.79              1052.11  ...          33309.560186  34862.210186
148            2525.33              1052.11  ...          33449.167376  35001.817376
149            2518.03              1052.11  ...          33352.475489  34905.125489
150            2528.99              1052.11  ...          33497.645774  35050.295774

[151 rows x 9 columns]
[2021-01-26 15:39:02] [2021-01-26 15:39:02 PM] Episode: 2/2 Step: 161/200 - Performance:
     coinbase:/USD-BTC  coinbase:/USD:/free  ...  coinbase:/BTC:/worth     net_worth
0              2509.17             10000.00  ...          25091.700000  35091.700000
1              2488.43             10000.00  ...          12442.150000  34950.360000
2              2454.43             10000.00  ...           6136.075000  34846.695000
3              2459.35             10000.00  ...          18029.225477  34843.405477
4              2467.83             10000.00  ...           9045.695727  34847.445727
..                 ...                  ...  ...                   ...           ...
156            2501.15              7285.31  ...          26817.698019  34603.548019
157            2492.78              7285.31  ...          26727.953649  34513.803649
158            2476.00              7285.31  ...          26548.036022  34333.886022
159            2483.36              7285.31  ...          26626.951024  34412.801024
160            2500.00              7285.31  ...          26805.367550  34591.217550

[161 rows x 9 columns]
[2021-01-26 15:39:04] [2021-01-26 15:39:04 PM] Episode: 2/2 Step: 171/200 - Performance:
     coinbase:/USD-BTC  coinbase:/USD:/free  ...  coinbase:/BTC:/worth     net_worth
0              2509.17             10000.00  ...          25091.700000  35091.700000
1              2488.43             10000.00  ...          12442.150000  34950.360000
2              2454.43             10000.00  ...           6136.075000  34846.695000
3              2459.35             10000.00  ...          18029.225477  34843.405477
4              2467.83             10000.00  ...           9045.695727  34847.445727
..                 ...                  ...  ...                   ...           ...
166            2514.90              4371.19  ...          29889.484647  34761.214647
167            2520.00              4371.19  ...          29950.097940  34821.827940
168            2508.25              4371.19  ...          29810.449666  34682.179666
169            2525.87              4371.19  ...          30019.862652  34891.592652
170            2525.48              7299.49  ...          27078.567856  34878.597856

[171 rows x 9 columns]
[2021-01-26 15:39:06] [2021-01-26 15:39:06 PM] Episode: 2/2 Step: 181/200 - Performance:
     coinbase:/USD-BTC  coinbase:/USD:/free  ...  coinbase:/BTC:/worth     net_worth
0              2509.17             10000.00  ...          25091.700000  35091.700000
1              2488.43             10000.00  ...          12442.150000  34950.360000
2              2454.43             10000.00  ...           6136.075000  34846.695000
3              2459.35             10000.00  ...          18029.225477  34843.405477
4              2467.83             10000.00  ...           9045.695727  34847.445727
..                 ...                  ...  ...                   ...           ...
176            2541.86              1459.90  ...          33130.934012  35091.374012
177            2541.41              3821.35  ...          30749.042053  35070.932053
178            2541.67              3821.35  ...          30752.187847  35074.077847
179            2561.88              3821.35  ...          30996.712791  35318.602791
180            2561.11              6022.30  ...          28780.488607  35303.328607

[181 rows x 9 columns]
[2021-01-26 15:39:08] [2021-01-26 15:39:08 PM] Episode: 2/2 Step: 191/200 - Performance:
     coinbase:/USD-BTC  coinbase:/USD:/free  ...  coinbase:/BTC:/worth     net_worth
0              2509.17             10000.00  ...          25091.700000  35091.700000
1              2488.43             10000.00  ...          12442.150000  34950.360000
2              2454.43             10000.00  ...           6136.075000  34846.695000
3              2459.35             10000.00  ...          18029.225477  34843.405477
4              2467.83             10000.00  ...           9045.695727  34847.445727
..                 ...                  ...  ...                   ...           ...
186            2559.39              7344.31  ...          27442.155862  35287.005862
187            2555.95              7344.31  ...          27405.271676  35250.121676
188            2549.65              7344.31  ...          27337.722150  35182.572150
189            2548.63              7344.31  ...          27326.785560  35171.635560
190            2553.98              7344.31  ...          27384.149046  35228.999046

[191 rows x 9 columns]
[2021-01-26 15:39:10] [2021-01-26 15:39:10 PM] Episode: 2/2 Step: 201/200 - Performance:
     coinbase:/USD-BTC  coinbase:/USD:/free  ...  coinbase:/BTC:/worth     net_worth
0              2509.17             10000.00  ...          25091.700000  35091.700000
1              2488.43             10000.00  ...          12442.150000  34950.360000
2              2454.43             10000.00  ...           6136.075000  34846.695000
3              2459.35             10000.00  ...          18029.225477  34843.405477
4              2467.83             10000.00  ...           9045.695727  34847.445727
..                 ...                  ...  ...                   ...           ...
196            2559.32              5875.45  ...          28907.229890  35283.219890
197            2555.67              5875.45  ...          28866.003553  35241.993553
198            2553.79              5875.45  ...          28844.769165  35220.759165
199            2539.82              5875.45  ...          28686.979596  35062.969596
200            2542.72              5875.45  ...          28719.734768  35095.724768

[201 rows x 9 columns]
[2021-01-26 15:41:44] [2021-01-26 15:41:44 PM] Episode: 1/2 Step: 131/200 - Performance:
     coinbase:/USD-BTC  coinbase:/USD:/free  ...  coinbase:/BTC:/worth     net_worth
0              2509.17             10000.00  ...          25091.700000  35091.700000
1              2488.43             10000.00  ...          12442.150000  34950.360000
2              2454.43              6000.00  ...          16205.661022  34713.871022
3              2459.35              6000.00  ...          15008.470898  34740.210898
4              2467.83              6000.00  ...           7286.556589  34742.006589
..                 ...                  ...  ...                   ...           ...
126            2594.05                 1.43  ...          35084.778418  35734.578418
127            2590.96                 1.43  ...          35042.985867  35692.785867
128            2600.00                 1.43  ...          35165.252746  35815.052746
129            2597.51                 1.43  ...          35131.575254  35781.375254
130            2598.44                 1.43  ...          35144.153594  35793.953594

[131 rows x 9 columns]
[2021-01-26 15:41:46] [2021-01-26 15:41:46 PM] Episode: 1/2 Step: 141/200 - Performance:
     coinbase:/USD-BTC  coinbase:/USD:/free  ...  coinbase:/BTC:/worth     net_worth
0              2509.17             10000.00  ...          25091.700000  35091.700000
1              2488.43             10000.00  ...          12442.150000  34950.360000
2              2454.43              6000.00  ...          16205.661022  34713.871022
3              2459.35              6000.00  ...          15008.470898  34740.210898
4              2467.83              6000.00  ...           7286.556589  34742.006589
..                 ...                  ...  ...                   ...           ...
136            2597.31                 1.43  ...          35128.870235  35778.670235
137            2594.55                 1.43  ...          35091.540966  35741.340966
138            2595.53                 1.43  ...          35104.795561  35754.595561
139            2576.01                 1.43  ...          34840.785664  35490.585664
140            2575.71                 1.43  ...          34836.728135  35486.528135

[141 rows x 9 columns]
